# JRE version: Java(TM) SE Runtime Environment (25.0.1+8) (build 25.0.1+8-LTS-27)
# Java VM: Java HotSpot(TM) 64-Bit Server VM (25.0.1+8-LTS-27, mixed mode, sharing, tiered, compressed oops, compressed class ptrs, g1 gc, windows-amd64)
GC Precious Log:
 CardTable entry size: 512
 Card Set container configuration: InlinePtr #cards 4 size 8 Array Of Cards #cards 16 size 48 Howl #buckets 8 coarsen threshold 3686 Howl Bitmap #cards 512 size 80 coarsen threshold 460 Card regions per heap region 1 cards per card region 4096
 CPUs: 16 total, 16 available
 Memory: 15654M
 Large Page Support: Disabled
 NUMA Support: Disabled
 Compressed Oops: Enabled (Zero based)
 Heap Region Size: 2M
 Heap Min Capacity: 8M
 Heap Initial Capacity: 246M
 Heap Max Capacity: 3914M
 Pre-touch: Disabled
 Parallel Workers: 13
 Concurrent Workers: 3
 Concurrent Refinement Workers: 13
 Periodic GC: Disabled
Heap:
 garbage-first heap   total reserved 4007936K, committed 253952K, used 126357K [0x000000070b600000, 0x0000000800000000)
  region size 2048K, 7 young (14336K), 7 survivors (14336K)
GC Heap Usage History (11 events):
Event: 1.127 {heap Before GC invocations=0 (full 0):
 garbage-first heap   total reserved 4007936K, committed 253952K, used 48277K [0x000000070b600000, 0x0000000800000000)
  region size 2048K, 24 young (49152K), 0 survivors (0K)
}
Event: 1.135 {heap After GC invocations=1 (full 0):
 garbage-first heap   total reserved 4007936K, committed 253952K, used 13461K [0x000000070b600000, 0x0000000800000000)
  region size 2048K, 3 young (6144K), 3 survivors (6144K)
}
Event: 1.417 {heap Before GC invocations=1 (full 0):
 garbage-first heap   total reserved 4007936K, committed 253952K, used 115861K [0x000000070b600000, 0x0000000800000000)
  region size 2048K, 52 young (106496K), 3 survivors (6144K)
}
Event: 1.447 {heap After GC invocations=2 (full 0):
 garbage-first heap   total reserved 4007936K, committed 253952K, used 47717K [0x000000070b600000, 0x0000000800000000)
  region size 2048K, 7 young (14336K), 7 survivors (14336K)
}
Event: 1.903 {heap Before GC invocations=2 (full 0):
 garbage-first heap   total reserved 4007936K, committed 253952K, used 150117K [0x000000070b600000, 0x0000000800000000)
  region size 2048K, 55 young (112640K), 7 survivors (14336K)
}
Event: 1.931 {heap After GC invocations=3 (full 0):
 garbage-first heap   total reserved 4007936K, committed 253952K, used 76949K [0x000000070b600000, 0x0000000800000000)
  region size 2048K, 7 young (14336K), 7 survivors (14336K)
}
Event: 3.087 {heap Before GC invocations=3 (full 0):
 garbage-first heap   total reserved 4007936K, committed 253952K, used 171157K [0x000000070b600000, 0x0000000800000000)
  region size 2048K, 53 young (108544K), 7 survivors (14336K)
}
Event: 3.103 {heap After GC invocations=4 (full 0):
 garbage-first heap   total reserved 4007936K, committed 253952K, used 94951K [0x000000070b600000, 0x0000000800000000)
  region size 2048K, 7 young (14336K), 7 survivors (14336K)
}
Event: 3.512 {heap Before GC invocations=4 (full 0):
 garbage-first heap   total reserved 4007936K, committed 253952K, used 185063K [0x000000070b600000, 0x0000000800000000)
  region size 2048K, 51 young (104448K), 7 survivors (14336K)
}
Event: 3.525 {heap After GC invocations=5 (full 0):
 garbage-first heap   total reserved 4007936K, committed 253952K, used 109954K [0x000000070b600000, 0x0000000800000000)
  region size 2048K, 7 young (14336K), 7 survivors (14336K)
}
Event: 4.186 {heap Before GC invocations=5 (full 0):
 garbage-first heap   total reserved 4007936K, committed 253952K, used 195970K [0x000000070b600000, 0x0000000800000000)
  region size 2048K, 49 young (100352K), 7 survivors (14336K)
}

