# JRE version: Java(TM) SE Runtime Environment (25.0.1+8) (build 25.0.1+8-LTS-27)
# Java VM: Java HotSpot(TM) 64-Bit Server VM (25.0.1+8-LTS-27, mixed mode, sharing, tiered, compressed oops, compressed class ptrs, g1 gc, windows-amd64)
GC Precious Log:
 CardTable entry size: 512
 Card Set container configuration: InlinePtr #cards 4 size 8 Array Of Cards #cards 16 size 48 Howl #buckets 8 coarsen threshold 3686 Howl Bitmap #cards 512 size 80 coarsen threshold 460 Card regions per heap region 1 cards per card region 4096
 CPUs: 16 total, 16 available
 Memory: 15654M
 Large Page Support: Disabled
 NUMA Support: Disabled
 Compressed Oops: Enabled (Zero based)
 Heap Region Size: 2M
 Heap Min Capacity: 8M
 Heap Initial Capacity: 246M
 Heap Max Capacity: 3914M
 Pre-touch: Disabled
 Parallel Workers: 13
 Concurrent Workers: 3
 Concurrent Refinement Workers: 13
 Periodic GC: Disabled
Heap:
 garbage-first heap   total reserved 4007936K, committed 253952K, used 137963K [0x000000070b600000, 0x0000000800000000)
  region size 2048K, 4 young (8192K), 4 survivors (8192K)
GC Heap Usage History (13 events):
Event: 1.038 {heap Before GC invocations=0 (full 0):
 garbage-first heap   total reserved 4007936K, committed 253952K, used 48277K [0x000000070b600000, 0x0000000800000000)
  region size 2048K, 24 young (49152K), 0 survivors (0K)
}
Event: 1.049 {heap After GC invocations=1 (full 0):
 garbage-first heap   total reserved 4007936K, committed 253952K, used 14127K [0x000000070b600000, 0x0000000800000000)
  region size 2048K, 3 young (6144K), 3 survivors (6144K)
}
Event: 1.334 {heap Before GC invocations=1 (full 0):
 garbage-first heap   total reserved 4007936K, committed 253952K, used 118575K [0x000000070b600000, 0x0000000800000000)
  region size 2048K, 52 young (106496K), 3 survivors (6144K)
}
Event: 1.367 {heap After GC invocations=2 (full 0):
 garbage-first heap   total reserved 4007936K, committed 253952K, used 50738K [0x000000070b600000, 0x0000000800000000)
  region size 2048K, 7 young (14336K), 7 survivors (14336K)
}
Event: 1.768 {heap Before GC invocations=2 (full 0):
 garbage-first heap   total reserved 4007936K, committed 253952K, used 146994K [0x000000070b600000, 0x0000000800000000)
  region size 2048K, 54 young (110592K), 7 survivors (14336K)
}
Event: 1.798 {heap After GC invocations=3 (full 0):
 garbage-first heap   total reserved 4007936K, committed 253952K, used 78670K [0x000000070b600000, 0x0000000800000000)
  region size 2048K, 7 young (14336K), 7 survivors (14336K)
}
Event: 109.377 {heap Before GC invocations=3 (full 0):
 garbage-first heap   total reserved 4007936K, committed 253952K, used 168782K [0x000000070b600000, 0x0000000800000000)
  region size 2048K, 52 young (106496K), 7 survivors (14336K)
}
Event: 109.391 {heap After GC invocations=4 (full 0):
 garbage-first heap   total reserved 4007936K, committed 253952K, used 98213K [0x000000070b600000, 0x0000000800000000)
  region size 2048K, 7 young (14336K), 7 survivors (14336K)
}
Event: 109.794 {heap Before GC invocations=4 (full 0):
 garbage-first heap   total reserved 4007936K, committed 253952K, used 186277K [0x000000070b600000, 0x0000000800000000)
  region size 2048K, 50 young (102400K), 7 survivors (14336K)
}
Event: 109.804 {heap After GC invocations=5 (full 0):
 garbage-first heap   total reserved 4007936K, committed 253952K, used 112522K [0x000000070b600000, 0x0000000800000000)
  region size 2048K, 7 young (14336K), 7 survivors (14336K)
}
Event: 110.417 {heap Before GC invocations=5 (full 0):
 garbage-first heap   total reserved 4007936K, committed 253952K, used 194442K [0x000000070b600000, 0x0000000800000000)
  region size 2048K, 47 young (96256K), 7 survivors (14336K)
}
Event: 110.430 {heap After GC invocations=6 (full 0):
 garbage-first heap   total reserved 4007936K, committed 253952K, used 129520K [0x000000070b600000, 0x0000000800000000)
  region size 2048K, 6 young (12288K), 6 survivors (12288K)
}
Event: 110.513 {heap Before GC invocations=6 (full 0):
 garbage-first heap   total reserved 4007936K, committed 253952K, used 162288K [0x000000070b600000, 0x0000000800000000)
  region size 2048K, 23 young (47104K), 6 survivors (12288K)
}

